{
  "/Users/maribelrb/Documents/GitHub/phiseado-frontend/phishingidentify/src/components/Menu.js": {
    "path": "/Users/maribelrb/Documents/GitHub/phiseado-frontend/phishingidentify/src/components/Menu.js",
    "statementMap": {
      "0": {
        "start": {
          "line": 6,
          "column": 13
        },
        "end": {
          "line": 43,
          "column": 1
        }
      },
      "1": {
        "start": {
          "line": 7,
          "column": 21
        },
        "end": {
          "line": 7,
          "column": 34
        }
      },
      "2": {
        "start": {
          "line": 8,
          "column": 18
        },
        "end": {
          "line": 37,
          "column": 5
        }
      },
      "3": {
        "start": {
          "line": 13,
          "column": 16
        },
        "end": {
          "line": 13,
          "column": 33
        }
      },
      "4": {
        "start": {
          "line": 20,
          "column": 16
        },
        "end": {
          "line": 20,
          "column": 36
        }
      },
      "5": {
        "start": {
          "line": 27,
          "column": 16
        },
        "end": {
          "line": 27,
          "column": 39
        }
      },
      "6": {
        "start": {
          "line": 34,
          "column": 16
        },
        "end": {
          "line": 34,
          "column": 36
        }
      },
      "7": {
        "start": {
          "line": 38,
          "column": 4
        },
        "end": {
          "line": 42,
          "column": 5
        }
      }
    },
    "fnMap": {
      "0": {
        "name": "(anonymous_0)",
        "decl": {
          "start": {
            "line": 6,
            "column": 13
          },
          "end": {
            "line": 6,
            "column": 14
          }
        },
        "loc": {
          "start": {
            "line": 6,
            "column": 19
          },
          "end": {
            "line": 43,
            "column": 1
          }
        },
        "line": 6
      },
      "1": {
        "name": "(anonymous_1)",
        "decl": {
          "start": {
            "line": 12,
            "column": 21
          },
          "end": {
            "line": 12,
            "column": 22
          }
        },
        "loc": {
          "start": {
            "line": 12,
            "column": 27
          },
          "end": {
            "line": 14,
            "column": 13
          }
        },
        "line": 12
      },
      "2": {
        "name": "(anonymous_2)",
        "decl": {
          "start": {
            "line": 19,
            "column": 21
          },
          "end": {
            "line": 19,
            "column": 22
          }
        },
        "loc": {
          "start": {
            "line": 19,
            "column": 27
          },
          "end": {
            "line": 21,
            "column": 13
          }
        },
        "line": 19
      },
      "3": {
        "name": "(anonymous_3)",
        "decl": {
          "start": {
            "line": 26,
            "column": 21
          },
          "end": {
            "line": 26,
            "column": 22
          }
        },
        "loc": {
          "start": {
            "line": 26,
            "column": 27
          },
          "end": {
            "line": 28,
            "column": 13
          }
        },
        "line": 26
      },
      "4": {
        "name": "(anonymous_4)",
        "decl": {
          "start": {
            "line": 33,
            "column": 21
          },
          "end": {
            "line": 33,
            "column": 22
          }
        },
        "loc": {
          "start": {
            "line": 33,
            "column": 27
          },
          "end": {
            "line": 35,
            "column": 13
          }
        },
        "line": 33
      }
    },
    "branchMap": {},
    "s": {
      "0": 17,
      "1": 42,
      "2": 42,
      "3": 4,
      "4": 10,
      "5": 5,
      "6": 0,
      "7": 42
    },
    "f": {
      "0": 42,
      "1": 4,
      "2": 10,
      "3": 5,
      "4": 0
    },
    "b": {},
    "_coverageSchema": "1a1c01bbd47fc00a2c39e90264f33305004495a9",
    "hash": "958b0308f97b1725b126f92f3305e51be93f611a"
  },
  "/Users/maribelrb/Documents/GitHub/phiseado-frontend/phishingidentify/src/api/api.js": {
    "path": "/Users/maribelrb/Documents/GitHub/phiseado-frontend/phishingidentify/src/api/api.js",
    "statementMap": {
      "0": {
        "start": {
          "line": 3,
          "column": 19
        },
        "end": {
          "line": 3,
          "column": 43
        }
      },
      "1": {
        "start": {
          "line": 6,
          "column": 4
        },
        "end": {
          "line": 6,
          "column": 61
        }
      },
      "2": {
        "start": {
          "line": 10,
          "column": 4
        },
        "end": {
          "line": 10,
          "column": 54
        }
      },
      "3": {
        "start": {
          "line": 14,
          "column": 19
        },
        "end": {
          "line": 14,
          "column": 51
        }
      },
      "4": {
        "start": {
          "line": 15,
          "column": 4
        },
        "end": {
          "line": 15,
          "column": 24
        }
      },
      "5": {
        "start": {
          "line": 19,
          "column": 19
        },
        "end": {
          "line": 19,
          "column": 57
        }
      },
      "6": {
        "start": {
          "line": 20,
          "column": 4
        },
        "end": {
          "line": 20,
          "column": 24
        }
      },
      "7": {
        "start": {
          "line": 24,
          "column": 19
        },
        "end": {
          "line": 24,
          "column": 43
        }
      },
      "8": {
        "start": {
          "line": 25,
          "column": 4
        },
        "end": {
          "line": 25,
          "column": 24
        }
      },
      "9": {
        "start": {
          "line": 29,
          "column": 19
        },
        "end": {
          "line": 29,
          "column": 45
        }
      },
      "10": {
        "start": {
          "line": 30,
          "column": 4
        },
        "end": {
          "line": 30,
          "column": 24
        }
      },
      "11": {
        "start": {
          "line": 34,
          "column": 19
        },
        "end": {
          "line": 34,
          "column": 54
        }
      },
      "12": {
        "start": {
          "line": 35,
          "column": 4
        },
        "end": {
          "line": 35,
          "column": 24
        }
      }
    },
    "fnMap": {
      "0": {
        "name": "apiPost",
        "decl": {
          "start": {
            "line": 5,
            "column": 15
          },
          "end": {
            "line": 5,
            "column": 22
          }
        },
        "loc": {
          "start": {
            "line": 5,
            "column": 39
          },
          "end": {
            "line": 7,
            "column": 1
          }
        },
        "line": 5
      },
      "1": {
        "name": "apiGet",
        "decl": {
          "start": {
            "line": 9,
            "column": 15
          },
          "end": {
            "line": 9,
            "column": 21
          }
        },
        "loc": {
          "start": {
            "line": 9,
            "column": 32
          },
          "end": {
            "line": 11,
            "column": 1
          }
        },
        "line": 9
      },
      "2": {
        "name": "analyseMessage",
        "decl": {
          "start": {
            "line": 13,
            "column": 22
          },
          "end": {
            "line": 13,
            "column": 36
          }
        },
        "loc": {
          "start": {
            "line": 13,
            "column": 46
          },
          "end": {
            "line": 16,
            "column": 1
          }
        },
        "line": 13
      },
      "3": {
        "name": "reportMessage",
        "decl": {
          "start": {
            "line": 18,
            "column": 22
          },
          "end": {
            "line": 18,
            "column": 35
          }
        },
        "loc": {
          "start": {
            "line": 18,
            "column": 42
          },
          "end": {
            "line": 21,
            "column": 1
          }
        },
        "line": 18
      },
      "4": {
        "name": "getDomains",
        "decl": {
          "start": {
            "line": 23,
            "column": 22
          },
          "end": {
            "line": 23,
            "column": 32
          }
        },
        "loc": {
          "start": {
            "line": 23,
            "column": 35
          },
          "end": {
            "line": 26,
            "column": 1
          }
        },
        "line": 23
      },
      "5": {
        "name": "getPieChart",
        "decl": {
          "start": {
            "line": 28,
            "column": 22
          },
          "end": {
            "line": 28,
            "column": 33
          }
        },
        "loc": {
          "start": {
            "line": 28,
            "column": 36
          },
          "end": {
            "line": 31,
            "column": 1
          }
        },
        "line": 28
      },
      "6": {
        "name": "getBarChart",
        "decl": {
          "start": {
            "line": 33,
            "column": 22
          },
          "end": {
            "line": 33,
            "column": 33
          }
        },
        "loc": {
          "start": {
            "line": 33,
            "column": 42
          },
          "end": {
            "line": 36,
            "column": 1
          }
        },
        "line": 33
      }
    },
    "branchMap": {},
    "s": {
      "0": 17,
      "1": 17,
      "2": 14,
      "3": 8,
      "4": 8,
      "5": 2,
      "6": 2,
      "7": 7,
      "8": 7,
      "9": 7,
      "10": 7,
      "11": 7,
      "12": 7
    },
    "f": {
      "0": 17,
      "1": 14,
      "2": 8,
      "3": 2,
      "4": 7,
      "5": 7,
      "6": 7
    },
    "b": {},
    "_coverageSchema": "1a1c01bbd47fc00a2c39e90264f33305004495a9",
    "hash": "23bb445a17f9492d08094620ed9ba9a001fa1a38"
  },
  "/Users/maribelrb/Documents/GitHub/phiseado-frontend/phishingidentify/src/components/AnalyseMessage.js": {
    "path": "/Users/maribelrb/Documents/GitHub/phiseado-frontend/phishingidentify/src/components/AnalyseMessage.js",
    "statementMap": {
      "0": {
        "start": {
          "line": 13,
          "column": 23
        },
        "end": {
          "line": 146,
          "column": 1
        }
      },
      "1": {
        "start": {
          "line": 14,
          "column": 50
        },
        "end": {
          "line": 14,
          "column": 62
        }
      },
      "2": {
        "start": {
          "line": 15,
          "column": 38
        },
        "end": {
          "line": 15,
          "column": 53
        }
      },
      "3": {
        "start": {
          "line": 16,
          "column": 40
        },
        "end": {
          "line": 16,
          "column": 55
        }
      },
      "4": {
        "start": {
          "line": 17,
          "column": 46
        },
        "end": {
          "line": 17,
          "column": 58
        }
      },
      "5": {
        "start": {
          "line": 18,
          "column": 44
        },
        "end": {
          "line": 18,
          "column": 56
        }
      },
      "6": {
        "start": {
          "line": 19,
          "column": 16
        },
        "end": {
          "line": 19,
          "column": 28
        }
      },
      "7": {
        "start": {
          "line": 20,
          "column": 46
        },
        "end": {
          "line": 20,
          "column": 61
        }
      },
      "8": {
        "start": {
          "line": 21,
          "column": 34
        },
        "end": {
          "line": 21,
          "column": 46
        }
      },
      "9": {
        "start": {
          "line": 22,
          "column": 22
        },
        "end": {
          "line": 22,
          "column": 64
        }
      },
      "10": {
        "start": {
          "line": 22,
          "column": 36
        },
        "end": {
          "line": 22,
          "column": 59
        }
      },
      "11": {
        "start": {
          "line": 24,
          "column": 26
        },
        "end": {
          "line": 26,
          "column": 5
        }
      },
      "12": {
        "start": {
          "line": 25,
          "column": 8
        },
        "end": {
          "line": 25,
          "column": 30
        }
      },
      "13": {
        "start": {
          "line": 28,
          "column": 35
        },
        "end": {
          "line": 61,
          "column": 5
        }
      },
      "14": {
        "start": {
          "line": 29,
          "column": 8
        },
        "end": {
          "line": 60,
          "column": 9
        }
      },
      "15": {
        "start": {
          "line": 30,
          "column": 12
        },
        "end": {
          "line": 30,
          "column": 34
        }
      },
      "16": {
        "start": {
          "line": 32,
          "column": 12
        },
        "end": {
          "line": 32,
          "column": 35
        }
      },
      "17": {
        "start": {
          "line": 33,
          "column": 12
        },
        "end": {
          "line": 36,
          "column": 13
        }
      },
      "18": {
        "start": {
          "line": 34,
          "column": 16
        },
        "end": {
          "line": 34,
          "column": 96
        }
      },
      "19": {
        "start": {
          "line": 35,
          "column": 16
        },
        "end": {
          "line": 35,
          "column": 22
        }
      },
      "20": {
        "start": {
          "line": 37,
          "column": 12
        },
        "end": {
          "line": 37,
          "column": 30
        }
      },
      "21": {
        "start": {
          "line": 38,
          "column": 26
        },
        "end": {
          "line": 40,
          "column": 13
        }
      },
      "22": {
        "start": {
          "line": 42,
          "column": 28
        },
        "end": {
          "line": 45,
          "column": 21
        }
      },
      "23": {
        "start": {
          "line": 43,
          "column": 16
        },
        "end": {
          "line": 43,
          "column": 100
        }
      },
      "24": {
        "start": {
          "line": 44,
          "column": 16
        },
        "end": {
          "line": 44,
          "column": 35
        }
      },
      "25": {
        "start": {
          "line": 47,
          "column": 12
        },
        "end": {
          "line": 59,
          "column": 13
        }
      },
      "26": {
        "start": {
          "line": 48,
          "column": 33
        },
        "end": {
          "line": 48,
          "column": 62
        }
      },
      "27": {
        "start": {
          "line": 49,
          "column": 16
        },
        "end": {
          "line": 49,
          "column": 35
        }
      },
      "28": {
        "start": {
          "line": 50,
          "column": 16
        },
        "end": {
          "line": 50,
          "column": 37
        }
      },
      "29": {
        "start": {
          "line": 51,
          "column": 16
        },
        "end": {
          "line": 51,
          "column": 35
        }
      },
      "30": {
        "start": {
          "line": 52,
          "column": 16
        },
        "end": {
          "line": 52,
          "column": 49
        }
      },
      "31": {
        "start": {
          "line": 53,
          "column": 16
        },
        "end": {
          "line": 53,
          "column": 48
        }
      },
      "32": {
        "start": {
          "line": 56,
          "column": 16
        },
        "end": {
          "line": 56,
          "column": 35
        }
      },
      "33": {
        "start": {
          "line": 57,
          "column": 16
        },
        "end": {
          "line": 57,
          "column": 37
        }
      },
      "34": {
        "start": {
          "line": 58,
          "column": 16
        },
        "end": {
          "line": 58,
          "column": 95
        }
      },
      "35": {
        "start": {
          "line": 63,
          "column": 34
        },
        "end": {
          "line": 74,
          "column": 5
        }
      },
      "36": {
        "start": {
          "line": 64,
          "column": 19
        },
        "end": {
          "line": 68,
          "column": 9
        }
      },
      "37": {
        "start": {
          "line": 69,
          "column": 23
        },
        "end": {
          "line": 69,
          "column": 48
        }
      },
      "38": {
        "start": {
          "line": 70,
          "column": 8
        },
        "end": {
          "line": 73,
          "column": 9
        }
      },
      "39": {
        "start": {
          "line": 71,
          "column": 12
        },
        "end": {
          "line": 71,
          "column": 32
        }
      },
      "40": {
        "start": {
          "line": 72,
          "column": 12
        },
        "end": {
          "line": 72,
          "column": 97
        }
      },
      "41": {
        "start": {
          "line": 76,
          "column": 31
        },
        "end": {
          "line": 87,
          "column": 5
        }
      },
      "42": {
        "start": {
          "line": 77,
          "column": 19
        },
        "end": {
          "line": 81,
          "column": 9
        }
      },
      "43": {
        "start": {
          "line": 82,
          "column": 23
        },
        "end": {
          "line": 82,
          "column": 48
        }
      },
      "44": {
        "start": {
          "line": 83,
          "column": 8
        },
        "end": {
          "line": 86,
          "column": 9
        }
      },
      "45": {
        "start": {
          "line": 84,
          "column": 12
        },
        "end": {
          "line": 84,
          "column": 32
        }
      },
      "46": {
        "start": {
          "line": 85,
          "column": 12
        },
        "end": {
          "line": 85,
          "column": 97
        }
      },
      "47": {
        "start": {
          "line": 89,
          "column": 27
        },
        "end": {
          "line": 97,
          "column": 5
        }
      },
      "48": {
        "start": {
          "line": 90,
          "column": 8
        },
        "end": {
          "line": 96,
          "column": 9
        }
      },
      "49": {
        "start": {
          "line": 91,
          "column": 12
        },
        "end": {
          "line": 91,
          "column": 91
        }
      },
      "50": {
        "start": {
          "line": 92,
          "column": 15
        },
        "end": {
          "line": 96,
          "column": 9
        }
      },
      "51": {
        "start": {
          "line": 93,
          "column": 12
        },
        "end": {
          "line": 93,
          "column": 102
        }
      },
      "52": {
        "start": {
          "line": 95,
          "column": 12
        },
        "end": {
          "line": 95,
          "column": 121
        }
      },
      "53": {
        "start": {
          "line": 99,
          "column": 25
        },
        "end": {
          "line": 105,
          "column": 5
        }
      },
      "54": {
        "start": {
          "line": 100,
          "column": 8
        },
        "end": {
          "line": 104,
          "column": 10
        }
      },
      "55": {
        "start": {
          "line": 107,
          "column": 4
        },
        "end": {
          "line": 145,
          "column": 5
        }
      },
      "56": {
        "start": {
          "line": 109,
          "column": 108
        },
        "end": {
          "line": 109,
          "column": 131
        }
      },
      "57": {
        "start": {
          "line": 110,
          "column": 109
        },
        "end": {
          "line": 110,
          "column": 126
        }
      },
      "58": {
        "start": {
          "line": 118,
          "column": 109
        },
        "end": {
          "line": 118,
          "column": 143
        }
      },
      "59": {
        "start": {
          "line": 142,
          "column": 157
        },
        "end": {
          "line": 142,
          "column": 177
        }
      }
    },
    "fnMap": {
      "0": {
        "name": "(anonymous_0)",
        "decl": {
          "start": {
            "line": 13,
            "column": 23
          },
          "end": {
            "line": 13,
            "column": 24
          }
        },
        "loc": {
          "start": {
            "line": 13,
            "column": 29
          },
          "end": {
            "line": 146,
            "column": 1
          }
        },
        "line": 13
      },
      "1": {
        "name": "(anonymous_1)",
        "decl": {
          "start": {
            "line": 22,
            "column": 30
          },
          "end": {
            "line": 22,
            "column": 31
          }
        },
        "loc": {
          "start": {
            "line": 22,
            "column": 36
          },
          "end": {
            "line": 22,
            "column": 59
          }
        },
        "line": 22
      },
      "2": {
        "name": "(anonymous_2)",
        "decl": {
          "start": {
            "line": 24,
            "column": 26
          },
          "end": {
            "line": 24,
            "column": 27
          }
        },
        "loc": {
          "start": {
            "line": 24,
            "column": 32
          },
          "end": {
            "line": 26,
            "column": 5
          }
        },
        "line": 24
      },
      "3": {
        "name": "(anonymous_3)",
        "decl": {
          "start": {
            "line": 28,
            "column": 35
          },
          "end": {
            "line": 28,
            "column": 36
          }
        },
        "loc": {
          "start": {
            "line": 28,
            "column": 47
          },
          "end": {
            "line": 61,
            "column": 5
          }
        },
        "line": 28
      },
      "4": {
        "name": "(anonymous_4)",
        "decl": {
          "start": {
            "line": 42,
            "column": 39
          },
          "end": {
            "line": 42,
            "column": 40
          }
        },
        "loc": {
          "start": {
            "line": 42,
            "column": 45
          },
          "end": {
            "line": 45,
            "column": 13
          }
        },
        "line": 42
      },
      "5": {
        "name": "(anonymous_5)",
        "decl": {
          "start": {
            "line": 63,
            "column": 34
          },
          "end": {
            "line": 63,
            "column": 35
          }
        },
        "loc": {
          "start": {
            "line": 63,
            "column": 46
          },
          "end": {
            "line": 74,
            "column": 5
          }
        },
        "line": 63
      },
      "6": {
        "name": "(anonymous_6)",
        "decl": {
          "start": {
            "line": 76,
            "column": 31
          },
          "end": {
            "line": 76,
            "column": 32
          }
        },
        "loc": {
          "start": {
            "line": 76,
            "column": 43
          },
          "end": {
            "line": 87,
            "column": 5
          }
        },
        "line": 76
      },
      "7": {
        "name": "(anonymous_7)",
        "decl": {
          "start": {
            "line": 89,
            "column": 27
          },
          "end": {
            "line": 89,
            "column": 28
          }
        },
        "loc": {
          "start": {
            "line": 89,
            "column": 33
          },
          "end": {
            "line": 97,
            "column": 5
          }
        },
        "line": 89
      },
      "8": {
        "name": "(anonymous_8)",
        "decl": {
          "start": {
            "line": 99,
            "column": 25
          },
          "end": {
            "line": 99,
            "column": 26
          }
        },
        "loc": {
          "start": {
            "line": 99,
            "column": 31
          },
          "end": {
            "line": 105,
            "column": 5
          }
        },
        "line": 99
      },
      "9": {
        "name": "(anonymous_9)",
        "decl": {
          "start": {
            "line": 109,
            "column": 102
          },
          "end": {
            "line": 109,
            "column": 103
          }
        },
        "loc": {
          "start": {
            "line": 109,
            "column": 108
          },
          "end": {
            "line": 109,
            "column": 131
          }
        },
        "line": 109
      },
      "10": {
        "name": "(anonymous_10)",
        "decl": {
          "start": {
            "line": 110,
            "column": 98
          },
          "end": {
            "line": 110,
            "column": 99
          }
        },
        "loc": {
          "start": {
            "line": 110,
            "column": 109
          },
          "end": {
            "line": 110,
            "column": 126
          }
        },
        "line": 110
      },
      "11": {
        "name": "(anonymous_11)",
        "decl": {
          "start": {
            "line": 118,
            "column": 102
          },
          "end": {
            "line": 118,
            "column": 103
          }
        },
        "loc": {
          "start": {
            "line": 118,
            "column": 109
          },
          "end": {
            "line": 118,
            "column": 143
          }
        },
        "line": 118
      },
      "12": {
        "name": "(anonymous_12)",
        "decl": {
          "start": {
            "line": 142,
            "column": 151
          },
          "end": {
            "line": 142,
            "column": 152
          }
        },
        "loc": {
          "start": {
            "line": 142,
            "column": 157
          },
          "end": {
            "line": 142,
            "column": 177
          }
        },
        "line": 142
      }
    },
    "branchMap": {
      "0": {
        "loc": {
          "start": {
            "line": 29,
            "column": 8
          },
          "end": {
            "line": 60,
            "column": 9
          }
        },
        "type": "if",
        "locations": [
          {
            "start": {
              "line": 29,
              "column": 8
            },
            "end": {
              "line": 60,
              "column": 9
            }
          },
          {
            "start": {
              "line": 29,
              "column": 8
            },
            "end": {
              "line": 60,
              "column": 9
            }
          }
        ],
        "line": 29
      },
      "1": {
        "loc": {
          "start": {
            "line": 33,
            "column": 12
          },
          "end": {
            "line": 36,
            "column": 13
          }
        },
        "type": "if",
        "locations": [
          {
            "start": {
              "line": 33,
              "column": 12
            },
            "end": {
              "line": 36,
              "column": 13
            }
          },
          {
            "start": {
              "line": 33,
              "column": 12
            },
            "end": {
              "line": 36,
              "column": 13
            }
          }
        ],
        "line": 33
      },
      "2": {
        "loc": {
          "start": {
            "line": 70,
            "column": 8
          },
          "end": {
            "line": 73,
            "column": 9
          }
        },
        "type": "if",
        "locations": [
          {
            "start": {
              "line": 70,
              "column": 8
            },
            "end": {
              "line": 73,
              "column": 9
            }
          },
          {
            "start": {
              "line": 70,
              "column": 8
            },
            "end": {
              "line": 73,
              "column": 9
            }
          }
        ],
        "line": 70
      },
      "3": {
        "loc": {
          "start": {
            "line": 83,
            "column": 8
          },
          "end": {
            "line": 86,
            "column": 9
          }
        },
        "type": "if",
        "locations": [
          {
            "start": {
              "line": 83,
              "column": 8
            },
            "end": {
              "line": 86,
              "column": 9
            }
          },
          {
            "start": {
              "line": 83,
              "column": 8
            },
            "end": {
              "line": 86,
              "column": 9
            }
          }
        ],
        "line": 83
      },
      "4": {
        "loc": {
          "start": {
            "line": 90,
            "column": 8
          },
          "end": {
            "line": 96,
            "column": 9
          }
        },
        "type": "if",
        "locations": [
          {
            "start": {
              "line": 90,
              "column": 8
            },
            "end": {
              "line": 96,
              "column": 9
            }
          },
          {
            "start": {
              "line": 90,
              "column": 8
            },
            "end": {
              "line": 96,
              "column": 9
            }
          }
        ],
        "line": 90
      },
      "5": {
        "loc": {
          "start": {
            "line": 92,
            "column": 15
          },
          "end": {
            "line": 96,
            "column": 9
          }
        },
        "type": "if",
        "locations": [
          {
            "start": {
              "line": 92,
              "column": 15
            },
            "end": {
              "line": 96,
              "column": 9
            }
          },
          {
            "start": {
              "line": 92,
              "column": 15
            },
            "end": {
              "line": 96,
              "column": 9
            }
          }
        ],
        "line": 92
      },
      "6": {
        "loc": {
          "start": {
            "line": 115,
            "column": 13
          },
          "end": {
            "line": 139,
            "column": 24
          }
        },
        "type": "cond-expr",
        "locations": [
          {
            "start": {
              "line": 116,
              "column": 16
            },
            "end": {
              "line": 121,
              "column": 24
            }
          },
          {
            "start": {
              "line": 122,
              "column": 16
            },
            "end": {
              "line": 139,
              "column": 24
            }
          }
        ],
        "line": 115
      },
      "7": {
        "loc": {
          "start": {
            "line": 119,
            "column": 25
          },
          "end": {
            "line": 119,
            "column": 182
          }
        },
        "type": "cond-expr",
        "locations": [
          {
            "start": {
              "line": 119,
              "column": 37
            },
            "end": {
              "line": 119,
              "column": 57
            }
          },
          {
            "start": {
              "line": 119,
              "column": 60
            },
            "end": {
              "line": 119,
              "column": 182
            }
          }
        ],
        "line": 119
      },
      "8": {
        "loc": {
          "start": {
            "line": 122,
            "column": 97
          },
          "end": {
            "line": 122,
            "column": 128
          }
        },
        "type": "cond-expr",
        "locations": [
          {
            "start": {
              "line": 122,
              "column": 113
            },
            "end": {
              "line": 122,
              "column": 118
            }
          },
          {
            "start": {
              "line": 122,
              "column": 121
            },
            "end": {
              "line": 122,
              "column": 128
            }
          }
        ],
        "line": 122
      },
      "9": {
        "loc": {
          "start": {
            "line": 124,
            "column": 25
          },
          "end": {
            "line": 136,
            "column": 34
          }
        },
        "type": "cond-expr",
        "locations": [
          {
            "start": {
              "line": 125,
              "column": 28
            },
            "end": {
              "line": 125,
              "column": 85
            }
          },
          {
            "start": {
              "line": 126,
              "column": 28
            },
            "end": {
              "line": 136,
              "column": 34
            }
          }
        ],
        "line": 124
      },
      "10": {
        "loc": {
          "start": {
            "line": 141,
            "column": 13
          },
          "end": {
            "line": 142,
            "column": 181
          }
        },
        "type": "cond-expr",
        "locations": [
          {
            "start": {
              "line": 141,
              "column": 27
            },
            "end": {
              "line": 141,
              "column": 29
            }
          },
          {
            "start": {
              "line": 142,
              "column": 16
            },
            "end": {
              "line": 142,
              "column": 181
            }
          }
        ],
        "line": 141
      }
    },
    "s": {
      "0": 17,
      "1": 632,
      "2": 632,
      "3": 632,
      "4": 632,
      "5": 632,
      "6": 632,
      "7": 632,
      "8": 632,
      "9": 632,
      "10": 12,
      "11": 632,
      "12": 10,
      "13": 632,
      "14": 10,
      "15": 0,
      "16": 10,
      "17": 10,
      "18": 2,
      "19": 2,
      "20": 8,
      "21": 8,
      "22": 8,
      "23": 0,
      "24": 0,
      "25": 8,
      "26": 8,
      "27": 8,
      "28": 8,
      "29": 8,
      "30": 8,
      "31": 8,
      "32": 0,
      "33": 0,
      "34": 0,
      "35": 632,
      "36": 2,
      "37": 2,
      "38": 2,
      "39": 2,
      "40": 2,
      "41": 632,
      "42": 0,
      "43": 0,
      "44": 0,
      "45": 0,
      "46": 0,
      "47": 632,
      "48": 8,
      "49": 0,
      "50": 8,
      "51": 4,
      "52": 4,
      "53": 632,
      "54": 50,
      "55": 632,
      "56": 0,
      "57": 10,
      "58": 552,
      "59": 4
    },
    "f": {
      "0": 632,
      "1": 12,
      "2": 10,
      "3": 10,
      "4": 0,
      "5": 2,
      "6": 0,
      "7": 8,
      "8": 50,
      "9": 0,
      "10": 10,
      "11": 552,
      "12": 4
    },
    "b": {
      "0": [
        0,
        10
      ],
      "1": [
        2,
        8
      ],
      "2": [
        2,
        0
      ],
      "3": [
        0,
        0
      ],
      "4": [
        0,
        8
      ],
      "5": [
        4,
        4
      ],
      "6": [
        608,
        24
      ],
      "7": [
        8,
        600
      ],
      "8": [
        8,
        16
      ],
      "9": [
        16,
        8
      ],
      "10": [
        608,
        24
      ]
    },
    "_coverageSchema": "1a1c01bbd47fc00a2c39e90264f33305004495a9",
    "hash": "f67b4c69f2ad36aa70aa02646e1f56aadb52d4b3"
  },
  "/Users/maribelrb/Documents/GitHub/phiseado-frontend/phishingidentify/src/components/Home.js": {
    "path": "/Users/maribelrb/Documents/GitHub/phiseado-frontend/phishingidentify/src/components/Home.js",
    "statementMap": {
      "0": {
        "start": {
          "line": 6,
          "column": 13
        },
        "end": {
          "line": 49,
          "column": 1
        }
      },
      "1": {
        "start": {
          "line": 7,
          "column": 21
        },
        "end": {
          "line": 7,
          "column": 34
        }
      },
      "2": {
        "start": {
          "line": 9,
          "column": 4
        },
        "end": {
          "line": 48,
          "column": 6
        }
      },
      "3": {
        "start": {
          "line": 25,
          "column": 24
        },
        "end": {
          "line": 25,
          "column": 44
        }
      },
      "4": {
        "start": {
          "line": 33,
          "column": 24
        },
        "end": {
          "line": 33,
          "column": 47
        }
      },
      "5": {
        "start": {
          "line": 41,
          "column": 24
        },
        "end": {
          "line": 41,
          "column": 44
        }
      }
    },
    "fnMap": {
      "0": {
        "name": "(anonymous_0)",
        "decl": {
          "start": {
            "line": 6,
            "column": 13
          },
          "end": {
            "line": 6,
            "column": 14
          }
        },
        "loc": {
          "start": {
            "line": 6,
            "column": 19
          },
          "end": {
            "line": 49,
            "column": 1
          }
        },
        "line": 6
      },
      "1": {
        "name": "(anonymous_1)",
        "decl": {
          "start": {
            "line": 24,
            "column": 56
          },
          "end": {
            "line": 24,
            "column": 57
          }
        },
        "loc": {
          "start": {
            "line": 24,
            "column": 62
          },
          "end": {
            "line": 26,
            "column": 21
          }
        },
        "line": 24
      },
      "2": {
        "name": "(anonymous_2)",
        "decl": {
          "start": {
            "line": 32,
            "column": 56
          },
          "end": {
            "line": 32,
            "column": 57
          }
        },
        "loc": {
          "start": {
            "line": 32,
            "column": 62
          },
          "end": {
            "line": 34,
            "column": 21
          }
        },
        "line": 32
      },
      "3": {
        "name": "(anonymous_3)",
        "decl": {
          "start": {
            "line": 40,
            "column": 56
          },
          "end": {
            "line": 40,
            "column": 57
          }
        },
        "loc": {
          "start": {
            "line": 40,
            "column": 62
          },
          "end": {
            "line": 42,
            "column": 21
          }
        },
        "line": 40
      }
    },
    "branchMap": {},
    "s": {
      "0": 17,
      "1": 21,
      "2": 21,
      "3": 2,
      "4": 2,
      "5": 2
    },
    "f": {
      "0": 21,
      "1": 2,
      "2": 2,
      "3": 2
    },
    "b": {},
    "_coverageSchema": "1a1c01bbd47fc00a2c39e90264f33305004495a9",
    "hash": "5286edbac248c6a2d7702999bd5b4a93b4afd643"
  },
  "/Users/maribelrb/Documents/GitHub/phiseado-frontend/phishingidentify/src/components/Statistics.js": {
    "path": "/Users/maribelrb/Documents/GitHub/phiseado-frontend/phishingidentify/src/components/Statistics.js",
    "statementMap": {
      "0": {
        "start": {
          "line": 13,
          "column": 16
        },
        "end": {
          "line": 22,
          "column": 1
        }
      },
      "1": {
        "start": {
          "line": 14,
          "column": 4
        },
        "end": {
          "line": 21,
          "column": 6
        }
      },
      "2": {
        "start": {
          "line": 24,
          "column": 19
        },
        "end": {
          "line": 130,
          "column": 1
        }
      },
      "3": {
        "start": {
          "line": 25,
          "column": 25
        },
        "end": {
          "line": 25,
          "column": 37
        }
      },
      "4": {
        "start": {
          "line": 26,
          "column": 34
        },
        "end": {
          "line": 26,
          "column": 46
        }
      },
      "5": {
        "start": {
          "line": 27,
          "column": 36
        },
        "end": {
          "line": 27,
          "column": 48
        }
      },
      "6": {
        "start": {
          "line": 28,
          "column": 36
        },
        "end": {
          "line": 28,
          "column": 48
        }
      },
      "7": {
        "start": {
          "line": 29,
          "column": 19
        },
        "end": {
          "line": 29,
          "column": 151
        }
      },
      "8": {
        "start": {
          "line": 29,
          "column": 120
        },
        "end": {
          "line": 29,
          "column": 147
        }
      },
      "9": {
        "start": {
          "line": 30,
          "column": 48
        },
        "end": {
          "line": 30,
          "column": 62
        }
      },
      "10": {
        "start": {
          "line": 31,
          "column": 50
        },
        "end": {
          "line": 31,
          "column": 64
        }
      },
      "11": {
        "start": {
          "line": 32,
          "column": 56
        },
        "end": {
          "line": 32,
          "column": 70
        }
      },
      "12": {
        "start": {
          "line": 33,
          "column": 36
        },
        "end": {
          "line": 33,
          "column": 51
        }
      },
      "13": {
        "start": {
          "line": 35,
          "column": 29
        },
        "end": {
          "line": 39,
          "column": 5
        }
      },
      "14": {
        "start": {
          "line": 41,
          "column": 4
        },
        "end": {
          "line": 71,
          "column": 11
        }
      },
      "15": {
        "start": {
          "line": 42,
          "column": 8
        },
        "end": {
          "line": 44,
          "column": 10
        }
      },
      "16": {
        "start": {
          "line": 43,
          "column": 12
        },
        "end": {
          "line": 43,
          "column": 29
        }
      },
      "17": {
        "start": {
          "line": 45,
          "column": 8
        },
        "end": {
          "line": 58,
          "column": 10
        }
      },
      "18": {
        "start": {
          "line": 46,
          "column": 37
        },
        "end": {
          "line": 46,
          "column": 94
        }
      },
      "19": {
        "start": {
          "line": 47,
          "column": 40
        },
        "end": {
          "line": 47,
          "column": 101
        }
      },
      "20": {
        "start": {
          "line": 48,
          "column": 12
        },
        "end": {
          "line": 57,
          "column": 14
        }
      },
      "21": {
        "start": {
          "line": 59,
          "column": 8
        },
        "end": {
          "line": 70,
          "column": 10
        }
      },
      "22": {
        "start": {
          "line": 60,
          "column": 12
        },
        "end": {
          "line": 69,
          "column": 14
        }
      },
      "23": {
        "start": {
          "line": 61,
          "column": 47
        },
        "end": {
          "line": 61,
          "column": 65
        }
      },
      "24": {
        "start": {
          "line": 66,
          "column": 53
        },
        "end": {
          "line": 66,
          "column": 63
        }
      },
      "25": {
        "start": {
          "line": 73,
          "column": 27
        },
        "end": {
          "line": 88,
          "column": 5
        }
      },
      "26": {
        "start": {
          "line": 74,
          "column": 8
        },
        "end": {
          "line": 74,
          "column": 35
        }
      },
      "27": {
        "start": {
          "line": 75,
          "column": 8
        },
        "end": {
          "line": 75,
          "column": 33
        }
      },
      "28": {
        "start": {
          "line": 76,
          "column": 8
        },
        "end": {
          "line": 87,
          "column": 10
        }
      },
      "29": {
        "start": {
          "line": 77,
          "column": 12
        },
        "end": {
          "line": 86,
          "column": 14
        }
      },
      "30": {
        "start": {
          "line": 78,
          "column": 47
        },
        "end": {
          "line": 78,
          "column": 65
        }
      },
      "31": {
        "start": {
          "line": 83,
          "column": 53
        },
        "end": {
          "line": 83,
          "column": 63
        }
      },
      "32": {
        "start": {
          "line": 90,
          "column": 26
        },
        "end": {
          "line": 100,
          "column": 5
        }
      },
      "33": {
        "start": {
          "line": 91,
          "column": 20
        },
        "end": {
          "line": 91,
          "column": 31
        }
      },
      "34": {
        "start": {
          "line": 92,
          "column": 30
        },
        "end": {
          "line": 92,
          "column": 32
        }
      },
      "35": {
        "start": {
          "line": 93,
          "column": 8
        },
        "end": {
          "line": 98,
          "column": 9
        }
      },
      "36": {
        "start": {
          "line": 93,
          "column": 21
        },
        "end": {
          "line": 93,
          "column": 22
        }
      },
      "37": {
        "start": {
          "line": 94,
          "column": 25
        },
        "end": {
          "line": 94,
          "column": 35
        }
      },
      "38": {
        "start": {
          "line": 95,
          "column": 12
        },
        "end": {
          "line": 97,
          "column": 13
        }
      },
      "39": {
        "start": {
          "line": 96,
          "column": 16
        },
        "end": {
          "line": 96,
          "column": 45
        }
      },
      "40": {
        "start": {
          "line": 99,
          "column": 8
        },
        "end": {
          "line": 99,
          "column": 47
        }
      },
      "41": {
        "start": {
          "line": 102,
          "column": 4
        },
        "end": {
          "line": 129,
          "column": 5
        }
      },
      "42": {
        "start": {
          "line": 107,
          "column": 210
        },
        "end": {
          "line": 107,
          "column": 238
        }
      },
      "43": {
        "start": {
          "line": 107,
          "column": 239
        },
        "end": {
          "line": 107,
          "column": 257
        }
      },
      "44": {
        "start": {
          "line": 107,
          "column": 277
        },
        "end": {
          "line": 107,
          "column": 294
        }
      },
      "45": {
        "start": {
          "line": 107,
          "column": 311
        },
        "end": {
          "line": 107,
          "column": 329
        }
      }
    },
    "fnMap": {
      "0": {
        "name": "(anonymous_0)",
        "decl": {
          "start": {
            "line": 13,
            "column": 16
          },
          "end": {
            "line": 13,
            "column": 17
          }
        },
        "loc": {
          "start": {
            "line": 13,
            "column": 26
          },
          "end": {
            "line": 22,
            "column": 1
          }
        },
        "line": 13
      },
      "1": {
        "name": "(anonymous_1)",
        "decl": {
          "start": {
            "line": 24,
            "column": 19
          },
          "end": {
            "line": 24,
            "column": 20
          }
        },
        "loc": {
          "start": {
            "line": 24,
            "column": 25
          },
          "end": {
            "line": 130,
            "column": 1
          }
        },
        "line": 24
      },
      "2": {
        "name": "(anonymous_2)",
        "decl": {
          "start": {
            "line": 29,
            "column": 114
          },
          "end": {
            "line": 29,
            "column": 115
          }
        },
        "loc": {
          "start": {
            "line": 29,
            "column": 120
          },
          "end": {
            "line": 29,
            "column": 147
          }
        },
        "line": 29
      },
      "3": {
        "name": "(anonymous_3)",
        "decl": {
          "start": {
            "line": 41,
            "column": 14
          },
          "end": {
            "line": 41,
            "column": 15
          }
        },
        "loc": {
          "start": {
            "line": 41,
            "column": 20
          },
          "end": {
            "line": 71,
            "column": 5
          }
        },
        "line": 41
      },
      "4": {
        "name": "(anonymous_4)",
        "decl": {
          "start": {
            "line": 42,
            "column": 26
          },
          "end": {
            "line": 42,
            "column": 27
          }
        },
        "loc": {
          "start": {
            "line": 42,
            "column": 34
          },
          "end": {
            "line": 44,
            "column": 9
          }
        },
        "line": 42
      },
      "5": {
        "name": "(anonymous_5)",
        "decl": {
          "start": {
            "line": 45,
            "column": 27
          },
          "end": {
            "line": 45,
            "column": 28
          }
        },
        "loc": {
          "start": {
            "line": 45,
            "column": 35
          },
          "end": {
            "line": 58,
            "column": 9
          }
        },
        "line": 45
      },
      "6": {
        "name": "(anonymous_6)",
        "decl": {
          "start": {
            "line": 59,
            "column": 51
          },
          "end": {
            "line": 59,
            "column": 52
          }
        },
        "loc": {
          "start": {
            "line": 59,
            "column": 59
          },
          "end": {
            "line": 70,
            "column": 9
          }
        },
        "line": 59
      },
      "7": {
        "name": "(anonymous_7)",
        "decl": {
          "start": {
            "line": 61,
            "column": 39
          },
          "end": {
            "line": 61,
            "column": 40
          }
        },
        "loc": {
          "start": {
            "line": 61,
            "column": 47
          },
          "end": {
            "line": 61,
            "column": 65
          }
        },
        "line": 61
      },
      "8": {
        "name": "(anonymous_8)",
        "decl": {
          "start": {
            "line": 66,
            "column": 45
          },
          "end": {
            "line": 66,
            "column": 46
          }
        },
        "loc": {
          "start": {
            "line": 66,
            "column": 53
          },
          "end": {
            "line": 66,
            "column": 63
          }
        },
        "line": 66
      },
      "9": {
        "name": "(anonymous_9)",
        "decl": {
          "start": {
            "line": 73,
            "column": 27
          },
          "end": {
            "line": 73,
            "column": 28
          }
        },
        "loc": {
          "start": {
            "line": 73,
            "column": 34
          },
          "end": {
            "line": 88,
            "column": 5
          }
        },
        "line": 73
      },
      "10": {
        "name": "(anonymous_10)",
        "decl": {
          "start": {
            "line": 76,
            "column": 53
          },
          "end": {
            "line": 76,
            "column": 54
          }
        },
        "loc": {
          "start": {
            "line": 76,
            "column": 61
          },
          "end": {
            "line": 87,
            "column": 9
          }
        },
        "line": 76
      },
      "11": {
        "name": "(anonymous_11)",
        "decl": {
          "start": {
            "line": 78,
            "column": 39
          },
          "end": {
            "line": 78,
            "column": 40
          }
        },
        "loc": {
          "start": {
            "line": 78,
            "column": 47
          },
          "end": {
            "line": 78,
            "column": 65
          }
        },
        "line": 78
      },
      "12": {
        "name": "(anonymous_12)",
        "decl": {
          "start": {
            "line": 83,
            "column": 45
          },
          "end": {
            "line": 83,
            "column": 46
          }
        },
        "loc": {
          "start": {
            "line": 83,
            "column": 53
          },
          "end": {
            "line": 83,
            "column": 63
          }
        },
        "line": 83
      },
      "13": {
        "name": "(anonymous_13)",
        "decl": {
          "start": {
            "line": 90,
            "column": 26
          },
          "end": {
            "line": 90,
            "column": 27
          }
        },
        "loc": {
          "start": {
            "line": 90,
            "column": 37
          },
          "end": {
            "line": 100,
            "column": 5
          }
        },
        "line": 90
      },
      "14": {
        "name": "(anonymous_14)",
        "decl": {
          "start": {
            "line": 107,
            "column": 201
          },
          "end": {
            "line": 107,
            "column": 202
          }
        },
        "loc": {
          "start": {
            "line": 107,
            "column": 208
          },
          "end": {
            "line": 107,
            "column": 259
          }
        },
        "line": 107
      },
      "15": {
        "name": "(anonymous_15)",
        "decl": {
          "start": {
            "line": 107,
            "column": 271
          },
          "end": {
            "line": 107,
            "column": 272
          }
        },
        "loc": {
          "start": {
            "line": 107,
            "column": 277
          },
          "end": {
            "line": 107,
            "column": 294
          }
        },
        "line": 107
      },
      "16": {
        "name": "(anonymous_16)",
        "decl": {
          "start": {
            "line": 107,
            "column": 305
          },
          "end": {
            "line": 107,
            "column": 306
          }
        },
        "loc": {
          "start": {
            "line": 107,
            "column": 311
          },
          "end": {
            "line": 107,
            "column": 329
          }
        },
        "line": 107
      }
    },
    "branchMap": {
      "0": {
        "loc": {
          "start": {
            "line": 95,
            "column": 12
          },
          "end": {
            "line": 97,
            "column": 13
          }
        },
        "type": "if",
        "locations": [
          {
            "start": {
              "line": 95,
              "column": 12
            },
            "end": {
              "line": 97,
              "column": 13
            }
          },
          {
            "start": {
              "line": 95,
              "column": 12
            },
            "end": {
              "line": 97,
              "column": 13
            }
          }
        ],
        "line": 95
      },
      "1": {
        "loc": {
          "start": {
            "line": 109,
            "column": 60
          },
          "end": {
            "line": 109,
            "column": 98
          }
        },
        "type": "cond-expr",
        "locations": [
          {
            "start": {
              "line": 109,
              "column": 71
            },
            "end": {
              "line": 109,
              "column": 88
            }
          },
          {
            "start": {
              "line": 109,
              "column": 91
            },
            "end": {
              "line": 109,
              "column": 98
            }
          }
        ],
        "line": 109
      }
    },
    "s": {
      "0": 17,
      "1": 245,
      "2": 17,
      "3": 88,
      "4": 88,
      "5": 88,
      "6": 88,
      "7": 88,
      "8": 0,
      "9": 88,
      "10": 88,
      "11": 88,
      "12": 88,
      "13": 88,
      "14": 88,
      "15": 7,
      "16": 7,
      "17": 7,
      "18": 7,
      "19": 7,
      "20": 7,
      "21": 7,
      "22": 7,
      "23": 14,
      "24": 14,
      "25": 88,
      "26": 0,
      "27": 0,
      "28": 0,
      "29": 0,
      "30": 0,
      "31": 0,
      "32": 88,
      "33": 2,
      "34": 2,
      "35": 2,
      "36": 2,
      "37": 8,
      "38": 8,
      "39": 2,
      "40": 2,
      "41": 88,
      "42": 58,
      "43": 58,
      "44": 2,
      "45": 0
    },
    "f": {
      "0": 245,
      "1": 88,
      "2": 0,
      "3": 7,
      "4": 7,
      "5": 7,
      "6": 7,
      "7": 14,
      "8": 14,
      "9": 0,
      "10": 0,
      "11": 0,
      "12": 0,
      "13": 2,
      "14": 58,
      "15": 2,
      "16": 0
    },
    "b": {
      "0": [
        2,
        6
      ],
      "1": [
        2,
        86
      ]
    },
    "_coverageSchema": "1a1c01bbd47fc00a2c39e90264f33305004495a9",
    "hash": "f31ea53f405dec3d97b730064035f5c861154561"
  },
  "/Users/maribelrb/Documents/GitHub/phiseado-frontend/phishingidentify/src/components/AboutUs.js": {
    "path": "/Users/maribelrb/Documents/GitHub/phiseado-frontend/phishingidentify/src/components/AboutUs.js",
    "statementMap": {
      "0": {
        "start": {
          "line": 6,
          "column": 16
        },
        "end": {
          "line": 77,
          "column": 1
        }
      },
      "1": {
        "start": {
          "line": 7,
          "column": 4
        },
        "end": {
          "line": 76,
          "column": 5
        }
      }
    },
    "fnMap": {
      "0": {
        "name": "(anonymous_0)",
        "decl": {
          "start": {
            "line": 6,
            "column": 16
          },
          "end": {
            "line": 6,
            "column": 17
          }
        },
        "loc": {
          "start": {
            "line": 6,
            "column": 22
          },
          "end": {
            "line": 77,
            "column": 1
          }
        },
        "line": 6
      }
    },
    "branchMap": {},
    "s": {
      "0": 17,
      "1": 4
    },
    "f": {
      "0": 4
    },
    "b": {},
    "_coverageSchema": "1a1c01bbd47fc00a2c39e90264f33305004495a9",
    "hash": "b9893abc9b5fad221160eef1009d150fea8ae014"
  },
  "/Users/maribelrb/Documents/GitHub/phiseado-frontend/phishingidentify/src/router/Router.js": {
    "path": "/Users/maribelrb/Documents/GitHub/phiseado-frontend/phishingidentify/src/router/Router.js",
    "statementMap": {
      "0": {
        "start": {
          "line": 7,
          "column": 15
        },
        "end": {
          "line": 34,
          "column": 1
        }
      },
      "1": {
        "start": {
          "line": 8,
          "column": 4
        },
        "end": {
          "line": 33,
          "column": 13
        }
      }
    },
    "fnMap": {
      "0": {
        "name": "(anonymous_0)",
        "decl": {
          "start": {
            "line": 7,
            "column": 15
          },
          "end": {
            "line": 7,
            "column": 16
          }
        },
        "loc": {
          "start": {
            "line": 8,
            "column": 4
          },
          "end": {
            "line": 33,
            "column": 13
          }
        },
        "line": 8
      }
    },
    "branchMap": {},
    "s": {
      "0": 17,
      "1": 19
    },
    "f": {
      "0": 19
    },
    "b": {},
    "_coverageSchema": "1a1c01bbd47fc00a2c39e90264f33305004495a9",
    "hash": "769f7201b6a3f534940df61ec424cb1daeed6e08"
  },
  "/Users/maribelrb/Documents/GitHub/phiseado-frontend/phishingidentify/src/components/NoAvailable.js": {
    "path": "/Users/maribelrb/Documents/GitHub/phiseado-frontend/phishingidentify/src/components/NoAvailable.js",
    "statementMap": {
      "0": {
        "start": {
          "line": 6,
          "column": 20
        },
        "end": {
          "line": 49,
          "column": 1
        }
      },
      "1": {
        "start": {
          "line": 8,
          "column": 26
        },
        "end": {
          "line": 27,
          "column": 5
        }
      },
      "2": {
        "start": {
          "line": 9,
          "column": 8
        },
        "end": {
          "line": 26,
          "column": 9
        }
      },
      "3": {
        "start": {
          "line": 11,
          "column": 16
        },
        "end": {
          "line": 11,
          "column": 24
        }
      },
      "4": {
        "start": {
          "line": 13,
          "column": 16
        },
        "end": {
          "line": 13,
          "column": 28
        }
      },
      "5": {
        "start": {
          "line": 15,
          "column": 16
        },
        "end": {
          "line": 15,
          "column": 28
        }
      },
      "6": {
        "start": {
          "line": 17,
          "column": 16
        },
        "end": {
          "line": 17,
          "column": 25
        }
      },
      "7": {
        "start": {
          "line": 19,
          "column": 16
        },
        "end": {
          "line": 19,
          "column": 28
        }
      },
      "8": {
        "start": {
          "line": 21,
          "column": 16
        },
        "end": {
          "line": 21,
          "column": 28
        }
      },
      "9": {
        "start": {
          "line": 23,
          "column": 16
        },
        "end": {
          "line": 23,
          "column": 26
        }
      },
      "10": {
        "start": {
          "line": 25,
          "column": 16
        },
        "end": {
          "line": 25,
          "column": 26
        }
      },
      "11": {
        "start": {
          "line": 29,
          "column": 4
        },
        "end": {
          "line": 48,
          "column": 5
        }
      }
    },
    "fnMap": {
      "0": {
        "name": "(anonymous_0)",
        "decl": {
          "start": {
            "line": 6,
            "column": 20
          },
          "end": {
            "line": 6,
            "column": 21
          }
        },
        "loc": {
          "start": {
            "line": 6,
            "column": 31
          },
          "end": {
            "line": 49,
            "column": 1
          }
        },
        "line": 6
      },
      "1": {
        "name": "(anonymous_1)",
        "decl": {
          "start": {
            "line": 8,
            "column": 26
          },
          "end": {
            "line": 8,
            "column": 27
          }
        },
        "loc": {
          "start": {
            "line": 8,
            "column": 32
          },
          "end": {
            "line": 27,
            "column": 5
          }
        },
        "line": 8
      }
    },
    "branchMap": {
      "0": {
        "loc": {
          "start": {
            "line": 9,
            "column": 8
          },
          "end": {
            "line": 26,
            "column": 9
          }
        },
        "type": "switch",
        "locations": [
          {
            "start": {
              "line": 10,
              "column": 12
            },
            "end": {
              "line": 11,
              "column": 24
            }
          },
          {
            "start": {
              "line": 12,
              "column": 12
            },
            "end": {
              "line": 13,
              "column": 28
            }
          },
          {
            "start": {
              "line": 14,
              "column": 12
            },
            "end": {
              "line": 15,
              "column": 28
            }
          },
          {
            "start": {
              "line": 16,
              "column": 12
            },
            "end": {
              "line": 17,
              "column": 25
            }
          },
          {
            "start": {
              "line": 18,
              "column": 12
            },
            "end": {
              "line": 19,
              "column": 28
            }
          },
          {
            "start": {
              "line": 20,
              "column": 12
            },
            "end": {
              "line": 21,
              "column": 28
            }
          },
          {
            "start": {
              "line": 22,
              "column": 12
            },
            "end": {
              "line": 23,
              "column": 26
            }
          },
          {
            "start": {
              "line": 24,
              "column": 12
            },
            "end": {
              "line": 25,
              "column": 26
            }
          }
        ],
        "line": 9
      }
    },
    "s": {
      "0": 17,
      "1": 0,
      "2": 0,
      "3": 0,
      "4": 0,
      "5": 0,
      "6": 0,
      "7": 0,
      "8": 0,
      "9": 0,
      "10": 0,
      "11": 0
    },
    "f": {
      "0": 0,
      "1": 0
    },
    "b": {
      "0": [
        0,
        0,
        0,
        0,
        0,
        0,
        0,
        0
      ]
    },
    "_coverageSchema": "1a1c01bbd47fc00a2c39e90264f33305004495a9",
    "hash": "43ca3eb6a0db9a02002f0acf8135f6fcc0824849"
  },
  "/Users/maribelrb/Documents/GitHub/phiseado-frontend/phishingidentify/src/App.js": {
    "path": "/Users/maribelrb/Documents/GitHub/phiseado-frontend/phishingidentify/src/App.js",
    "statementMap": {
      "0": {
        "start": {
          "line": 7,
          "column": 16
        },
        "end": {
          "line": 7,
          "column": 26
        }
      },
      "1": {
        "start": {
          "line": 8,
          "column": 12
        },
        "end": {
          "line": 8,
          "column": 65
        }
      },
      "2": {
        "start": {
          "line": 9,
          "column": 16
        },
        "end": {
          "line": 9,
          "column": 45
        }
      },
      "3": {
        "start": {
          "line": 10,
          "column": 15
        },
        "end": {
          "line": 10,
          "column": 33
        }
      },
      "4": {
        "start": {
          "line": 12,
          "column": 2
        },
        "end": {
          "line": 19,
          "column": 7
        }
      }
    },
    "fnMap": {
      "0": {
        "name": "App",
        "decl": {
          "start": {
            "line": 6,
            "column": 9
          },
          "end": {
            "line": 6,
            "column": 12
          }
        },
        "loc": {
          "start": {
            "line": 6,
            "column": 15
          },
          "end": {
            "line": 20,
            "column": 1
          }
        },
        "line": 6
      }
    },
    "branchMap": {
      "0": {
        "loc": {
          "start": {
            "line": 13,
            "column": 5
          },
          "end": {
            "line": 18,
            "column": 35
          }
        },
        "type": "cond-expr",
        "locations": [
          {
            "start": {
              "line": 14,
              "column": 6
            },
            "end": {
              "line": 17,
              "column": 12
            }
          },
          {
            "start": {
              "line": 18,
              "column": 8
            },
            "end": {
              "line": 18,
              "column": 35
            }
          }
        ],
        "line": 13
      },
      "1": {
        "loc": {
          "start": {
            "line": 13,
            "column": 5
          },
          "end": {
            "line": 13,
            "column": 25
          }
        },
        "type": "binary-expr",
        "locations": [
          {
            "start": {
              "line": 13,
              "column": 5
            },
            "end": {
              "line": 13,
              "column": 13
            }
          },
          {
            "start": {
              "line": 13,
              "column": 17
            },
            "end": {
              "line": 13,
              "column": 25
            }
          }
        ],
        "line": 13
      }
    },
    "s": {
      "0": 19,
      "1": 19,
      "2": 19,
      "3": 19,
      "4": 19
    },
    "f": {
      "0": 19
    },
    "b": {
      "0": [
        19,
        0
      ],
      "1": [
        19,
        19
      ]
    },
    "_coverageSchema": "1a1c01bbd47fc00a2c39e90264f33305004495a9",
    "hash": "37a203a3269f6480ded2b748fd8c331bb3c902bc"
  },
  "/Users/maribelrb/Documents/GitHub/phiseado-frontend/phishingidentify/src/reportWebVitals.js": {
    "path": "/Users/maribelrb/Documents/GitHub/phiseado-frontend/phishingidentify/src/reportWebVitals.js",
    "statementMap": {
      "0": {
        "start": {
          "line": 1,
          "column": 24
        },
        "end": {
          "line": 11,
          "column": 1
        }
      },
      "1": {
        "start": {
          "line": 2,
          "column": 2
        },
        "end": {
          "line": 10,
          "column": 3
        }
      },
      "2": {
        "start": {
          "line": 3,
          "column": 4
        },
        "end": {
          "line": 9,
          "column": 7
        }
      },
      "3": {
        "start": {
          "line": 4,
          "column": 6
        },
        "end": {
          "line": 4,
          "column": 26
        }
      },
      "4": {
        "start": {
          "line": 5,
          "column": 6
        },
        "end": {
          "line": 5,
          "column": 26
        }
      },
      "5": {
        "start": {
          "line": 6,
          "column": 6
        },
        "end": {
          "line": 6,
          "column": 26
        }
      },
      "6": {
        "start": {
          "line": 7,
          "column": 6
        },
        "end": {
          "line": 7,
          "column": 26
        }
      },
      "7": {
        "start": {
          "line": 8,
          "column": 6
        },
        "end": {
          "line": 8,
          "column": 27
        }
      }
    },
    "fnMap": {
      "0": {
        "name": "(anonymous_0)",
        "decl": {
          "start": {
            "line": 1,
            "column": 24
          },
          "end": {
            "line": 1,
            "column": 25
          }
        },
        "loc": {
          "start": {
            "line": 1,
            "column": 41
          },
          "end": {
            "line": 11,
            "column": 1
          }
        },
        "line": 1
      },
      "1": {
        "name": "(anonymous_1)",
        "decl": {
          "start": {
            "line": 3,
            "column": 30
          },
          "end": {
            "line": 3,
            "column": 31
          }
        },
        "loc": {
          "start": {
            "line": 3,
            "column": 79
          },
          "end": {
            "line": 9,
            "column": 5
          }
        },
        "line": 3
      }
    },
    "branchMap": {
      "0": {
        "loc": {
          "start": {
            "line": 2,
            "column": 2
          },
          "end": {
            "line": 10,
            "column": 3
          }
        },
        "type": "if",
        "locations": [
          {
            "start": {
              "line": 2,
              "column": 2
            },
            "end": {
              "line": 10,
              "column": 3
            }
          },
          {
            "start": {
              "line": 2,
              "column": 2
            },
            "end": {
              "line": 10,
              "column": 3
            }
          }
        ],
        "line": 2
      },
      "1": {
        "loc": {
          "start": {
            "line": 2,
            "column": 6
          },
          "end": {
            "line": 2,
            "column": 52
          }
        },
        "type": "binary-expr",
        "locations": [
          {
            "start": {
              "line": 2,
              "column": 6
            },
            "end": {
              "line": 2,
              "column": 17
            }
          },
          {
            "start": {
              "line": 2,
              "column": 21
            },
            "end": {
              "line": 2,
              "column": 52
            }
          }
        ],
        "line": 2
      }
    },
    "s": {
      "0": 17,
      "1": 17,
      "2": 0,
      "3": 0,
      "4": 0,
      "5": 0,
      "6": 0,
      "7": 0
    },
    "f": {
      "0": 17,
      "1": 0
    },
    "b": {
      "0": [
        0,
        17
      ],
      "1": [
        17,
        0
      ]
    },
    "_coverageSchema": "1a1c01bbd47fc00a2c39e90264f33305004495a9",
    "hash": "7fc9f3ab646b04de8d629bff67174b7e1e3c54ba"
  },
  "/Users/maribelrb/Documents/GitHub/phiseado-frontend/phishingidentify/src/index.js": {
    "path": "/Users/maribelrb/Documents/GitHub/phiseado-frontend/phishingidentify/src/index.js",
    "statementMap": {
      "0": {
        "start": {
          "line": 12,
          "column": 0
        },
        "end": {
          "line": 17,
          "column": 2
        }
      },
      "1": {
        "start": {
          "line": 22,
          "column": 0
        },
        "end": {
          "line": 22,
          "column": 18
        }
      }
    },
    "fnMap": {},
    "branchMap": {},
    "s": {
      "0": 17,
      "1": 17
    },
    "f": {},
    "b": {},
    "_coverageSchema": "1a1c01bbd47fc00a2c39e90264f33305004495a9",
    "hash": "ddc85b8f096a652b20e69b8dce65e628914fb5d2"
  }
}